\BOOKMARK [0][-]{chapter.1}{\376\377\000N\000a\000m\000e\000s\000p\000a\000c\000e\000\040\000I\000n\000d\000e\000x}{}% 1
\BOOKMARK [1][-]{section.1.1}{\376\377\000N\000a\000m\000e\000s\000p\000a\000c\000e\000\040\000L\000i\000s\000t}{chapter.1}% 2
\BOOKMARK [0][-]{chapter.2}{\376\377\000H\000i\000e\000r\000a\000r\000c\000h\000i\000c\000a\000l\000\040\000I\000n\000d\000e\000x}{}% 3
\BOOKMARK [1][-]{section.2.1}{\376\377\000C\000l\000a\000s\000s\000\040\000H\000i\000e\000r\000a\000r\000c\000h\000y}{chapter.2}% 4
\BOOKMARK [0][-]{chapter.3}{\376\377\000C\000l\000a\000s\000s\000\040\000I\000n\000d\000e\000x}{}% 5
\BOOKMARK [1][-]{section.3.1}{\376\377\000C\000l\000a\000s\000s\000\040\000L\000i\000s\000t}{chapter.3}% 6
\BOOKMARK [0][-]{chapter.4}{\376\377\000N\000a\000m\000e\000s\000p\000a\000c\000e\000\040\000D\000o\000c\000u\000m\000e\000n\000t\000a\000t\000i\000o\000n}{}% 7
\BOOKMARK [1][-]{section.4.1}{\376\377\000u\000s\000e\000r\000I\000n\000f\000o\000\040\000N\000a\000m\000e\000s\000p\000a\000c\000e\000\040\000R\000e\000f\000e\000r\000e\000n\000c\000e}{chapter.4}% 8
\BOOKMARK [2][-]{subsection.4.1.1}{\376\377\000D\000e\000t\000a\000i\000l\000e\000d\000\040\000D\000e\000s\000c\000r\000i\000p\000t\000i\000o\000n}{section.4.1}% 9
\BOOKMARK [0][-]{chapter.5}{\376\377\000C\000l\000a\000s\000s\000\040\000D\000o\000c\000u\000m\000e\000n\000t\000a\000t\000i\000o\000n}{}% 10
\BOOKMARK [1][-]{section.5.1}{\376\377\000t\000e\000s\000t\000.\000T\000e\000s\000t\000S\000t\000r\000i\000n\000g\000M\000e\000t\000h\000o\000d\000s\000\040\000C\000l\000a\000s\000s\000\040\000R\000e\000f\000e\000r\000e\000n\000c\000e}{chapter.5}% 11
\BOOKMARK [2][-]{subsection.5.1.1}{\376\377\000D\000e\000t\000a\000i\000l\000e\000d\000\040\000D\000e\000s\000c\000r\000i\000p\000t\000i\000o\000n}{section.5.1}% 12
\BOOKMARK [2][-]{subsection.5.1.2}{\376\377\000M\000e\000m\000b\000e\000r\000\040\000F\000u\000n\000c\000t\000i\000o\000n\000\040\000D\000o\000c\000u\000m\000e\000n\000t\000a\000t\000i\000o\000n}{section.5.1}% 13
\BOOKMARK [3][-]{subsubsection.5.1.2.1}{\376\377\000t\000e\000s\000t\000\137\000i\000n\000\137\000d\000a\000t\000a\000b\000a\000s\000e}{subsection.5.1.2}% 14
\BOOKMARK [3][-]{subsubsection.5.1.2.2}{\376\377\000t\000e\000s\000t\000\137\000n\000o\000n\000e\000\137\000o\000f\000\137\000f\000o\000o\000d\000\137\000i\000n\000\137\000d\000a\000t\000a\000b\000a\000s\000e\000\137\000c\000a\000l\000c\000u\000l\000a\000t\000i\000o\000n}{subsection.5.1.2}% 15
\BOOKMARK [3][-]{subsubsection.5.1.2.3}{\376\377\000t\000e\000s\000t\000\137\000n\000o\000t\000\137\000i\000n\000\137\000d\000a\000t\000a\000b\000a\000s\000e}{subsection.5.1.2}% 16
\BOOKMARK [3][-]{subsubsection.5.1.2.4}{\376\377\000t\000e\000s\000t\000\137\000o\000n\000e\000\137\000f\000o\000o\000d\000\137\000c\000a\000l\000c\000u\000l\000a\000t\000i\000o\000n}{subsection.5.1.2}% 17
\BOOKMARK [3][-]{subsubsection.5.1.2.5}{\376\377\000t\000e\000s\000t\000\137\000t\000h\000r\000e\000e\000\137\000f\000o\000o\000d\000\137\000b\000u\000t\000\137\000o\000n\000e\000\137\000n\000o\000t\000\137\000i\000n\000\137\000d\000a\000t\000a\000b\000a\000s\000e\000\137\000c\000a\000l\000c\000u\000l\000a\000t\000i\000o\000n}{subsection.5.1.2}% 18
\BOOKMARK [3][-]{subsubsection.5.1.2.6}{\376\377\000t\000e\000s\000t\000\137\000t\000w\000o\000\137\000f\000o\000o\000d\000\137\000c\000a\000l\000c\000u\000l\000a\000t\000i\000o\000n}{subsection.5.1.2}% 19
\BOOKMARK [3][-]{subsubsection.5.1.2.7}{\376\377\000t\000e\000s\000t\000\137\000u\000p\000p\000e\000r\000\137\000l\000o\000w\000e\000r\000\137\000m\000i\000x}{subsection.5.1.2}% 20
\BOOKMARK [1][-]{section.5.2}{\376\377\000u\000s\000e\000r\000I\000n\000f\000o\000.\000u\000s\000e\000r\000I\000n\000f\000o\000\040\000C\000l\000a\000s\000s\000\040\000R\000e\000f\000e\000r\000e\000n\000c\000e}{chapter.5}% 21
\BOOKMARK [2][-]{subsection.5.2.1}{\376\377\000D\000e\000t\000a\000i\000l\000e\000d\000\040\000D\000e\000s\000c\000r\000i\000p\000t\000i\000o\000n}{section.5.2}% 22
\BOOKMARK [2][-]{subsection.5.2.2}{\376\377\000M\000e\000m\000b\000e\000r\000\040\000F\000u\000n\000c\000t\000i\000o\000n\000\040\000D\000o\000c\000u\000m\000e\000n\000t\000a\000t\000i\000o\000n}{section.5.2}% 23
\BOOKMARK [3][-]{subsubsection.5.2.2.1}{\376\377\000c\000a\000l\000c\000u\000l\000a\000t\000e\000C\000a\000l}{subsection.5.2.2}% 24
\BOOKMARK [3][-]{subsubsection.5.2.2.2}{\376\377\000f\000i\000n\000d\000F\000o\000o\000d}{subsection.5.2.2}% 25
\BOOKMARK [0][-]{chapter.6}{\376\377\000P\000H\000P\000\040\000D\000o\000c\000u\000m\000e\000n\000t\000a\000t\000i\000o\000n}{}% 26
\BOOKMARK [1][-]{section.6.1}{\376\377\000D\000o\000c\000u\000m\000e\000n\000t\000a\000t\000i\000o\000n\000\040\000f\000o\000r\000\040\000P\000H\000P\000\040\000s\000c\000r\000i\000p\000t}{chapter.6}% 27
\BOOKMARK [0][-]{section*.6}{\376\377\000I\000n\000d\000e\000x}{}% 28
